c:\users\machenike\desktop\dsp\fft\debug\vc141.pdb
c:\users\machenike\desktop\dsp\fft\debug\vc141.idb
c:\users\machenike\desktop\dsp\fft\debug\wave.obj
c:\users\machenike\desktop\dsp\fft\debug\dit.obj
c:\users\machenike\desktop\dsp\fft\debug\main.obj
c:\users\machenike\desktop\dsp\fft\debug\fft.obj
c:\users\machenike\desktop\dsp\fft\debug\complex.obj
c:\users\machenike\desktop\dsp\fft\debug\butterfly.obj
c:\users\machenike\desktop\dsp\fft\debug\audiofile.obj
c:\users\machenike\desktop\dsp\fft\debug\paint.obj
c:\users\machenike\desktop\dsp\fft\debug\fft.exe
c:\users\machenike\desktop\dsp\fft\debug\fft.ilk
c:\users\machenike\desktop\dsp\fft\debug\fft.pdb
c:\users\machenike\desktop\dsp\fft\debug\main.obj.enc
c:\users\machenike\desktop\dsp\fft\debug\fft.tlog\cl.command.1.tlog
c:\users\machenike\desktop\dsp\fft\debug\fft.tlog\cl.read.1.tlog
c:\users\machenike\desktop\dsp\fft\debug\fft.tlog\cl.write.1.tlog
c:\users\machenike\desktop\dsp\fft\debug\fft.tlog\link.command.1.tlog
c:\users\machenike\desktop\dsp\fft\debug\fft.tlog\link.read.1.tlog
c:\users\machenike\desktop\dsp\fft\debug\fft.tlog\link.write.1.tlog
